{"numTotalTestSuites":995,"numPassedTestSuites":995,"numFailedTestSuites":0,"numPendingTestSuites":0,"numTotalTests":913,"numPassedTests":752,"numFailedTests":0,"numPendingTests":0,"numTodoTests":161,"snapshot":{"added":0,"failure":false,"filesAdded":0,"filesRemoved":0,"filesRemovedList":[],"filesUnmatched":0,"filesUpdated":0,"matched":0,"total":0,"unchecked":0,"uncheckedKeysByFile":[],"unmatched":0,"updated":0,"didUpdate":false},"startTime":1773407188682,"success":true,"testResults":[{"assertionResults":[{"ancestorTitles":["app/root.tsx baseline"],"fullName":"app/root.tsx baseline keeps baseline test coverage mapping active","status":"passed","title":"keeps baseline test coverage mapping active","duration":2.130300000000034,"failureMessages":[],"meta":{}}],"startTime":1773407223956,"endTime":1773407223958.1304,"status":"passed","message":"","name":"C:/Users/arva/OneDrive/Documents/Private/Projects/Coding/Bolt.arva/Bolt2.dyi/unit-tests/root.test.ts"},{"assertionResults":[{"ancestorTitles":["layer dependency direction"],"fullName":"layer dependency direction prevents core from importing platform","status":"passed","title":"prevents core from importing platform","duration":5.166399999999953,"failureMessages":[],"meta":{}},{"ancestorTitles":["layer dependency direction"],"fullName":"layer dependency direction prevents ui from importing integrations directly","status":"passed","title":"prevents ui from importing integrations directly","duration":1.820600000000013,"failureMessages":[],"meta":{}},{"ancestorTitles":["layer dependency direction"],"fullName":"layer dependency direction prevents integrations from importing ui","status":"passed","title":"prevents integrations from importing ui","duration":2.606300000000033,"failureMessages":[],"meta":{}}],"startTime":1773407196645,"endTime":1773407196654.6062,"status":"passed","message":"","name":"C:/Users/arva/OneDrive/Documents/Private/Projects/Coding/Bolt.arva/Bolt2.dyi/unit-tests/architecture/dependency-direction.test.ts"},{"assertionResults":[{"ancestorTitles":["layered structure imports"],"fullName":"layered structure imports exposes core routes and chat engine entry points","status":"passed","title":"exposes core routes and chat engine entry points","duration":2.5151000000005297,"failureMessages":[],"meta":{}},{"ancestorTitles":["layered structure imports"],"fullName":"layered structure imports exposes platform auth/rbac/audit modules","status":"passed","title":"exposes platform auth/rbac/audit modules","duration":12.57169999999951,"failureMessages":[],"meta":{}},{"ancestorTitles":["layered structure imports"],"fullName":"layered structure imports exposes integrations and infrastructure modules","status":"passed","title":"exposes integrations and infrastructure modules","duration":5.826700000000528,"failureMessages":[],"meta":{}}],"startTime":1773407201673,"endTime":1773407201693.8267,"status":"passed","message":"","name":"C:/Users/arva/OneDrive/Documents/Private/Projects/Coding/Bolt.arva/Bolt2.dyi/unit-tests/architecture/layer-structure.test.ts"},{"assertionResults":[{"ancestorTitles":["File path integrity after restructure"],"fullName":"File path integrity after restructure resolves all relative and ~/ alias imports in project source files","status":"passed","title":"resolves all relative and ~/ alias imports in project source files","duration":2507.6742000000004,"failureMessages":[],"meta":{}}],"startTime":1773407190783,"endTime":1773407193290.6743,"status":"passed","message":"","name":"C:/Users/arva/OneDrive/Documents/Private/Projects/Coding/Bolt.arva/Bolt2.dyi/unit-tests/common/filepaths-integrity.test.ts"},{"assertionResults":[{"ancestorTitles":["GitHub security workflow rules"],"fullName":"GitHub security workflow rules security workflow includes core security scanners","status":"passed","title":"security workflow includes core security scanners","duration":1.7889000000000124,"failureMessages":[],"meta":{}},{"ancestorTitles":["GitHub security workflow rules"],"fullName":"GitHub security workflow rules security workflow keeps restrictive permissions","status":"passed","title":"security workflow keeps restrictive permissions","duration":0.5879999999999654,"failureMessages":[],"meta":{}},{"ancestorTitles":["GitHub security workflow rules"],"fullName":"GitHub security workflow rules security and test workflows avoid conflicting pnpm version pinning","status":"passed","title":"security and test workflows avoid conflicting pnpm version pinning","duration":1.2755999999999972,"failureMessages":[],"meta":{}},{"ancestorTitles":["GitHub security workflow rules"],"fullName":"GitHub security workflow rules docs workflow deploys via pages artifact flow (no direct gh-deploy)","status":"passed","title":"docs workflow deploys via pages artifact flow (no direct gh-deploy)","duration":0.48109999999996944,"failureMessages":[],"meta":{}}],"startTime":1773407194840,"endTime":1773407194844.4812,"status":"passed","message":"","name":"C:/Users/arva/OneDrive/Documents/Private/Projects/Coding/Bolt.arva/Bolt2.dyi/unit-tests/common/github-security-workflows.rules.test.ts"},{"assertionResults":[{"ancestorTitles":["GitHub workflow rules"],"fullName":"GitHub workflow rules docker publish workflow targets composed Dockerfile and production target","status":"passed","title":"docker publish workflow targets composed Dockerfile and production target","duration":2.359100000000012,"failureMessages":[],"meta":{}},{"ancestorTitles":["GitHub workflow rules"],"fullName":"GitHub workflow rules ci docker validation workflow uses composed docker paths","status":"passed","title":"ci docker validation workflow uses composed docker paths","duration":0.9329999999999927,"failureMessages":[],"meta":{}},{"ancestorTitles":["GitHub workflow rules"],"fullName":"GitHub workflow rules shared setup action does not pin pnpm version","status":"passed","title":"shared setup action does not pin pnpm version","duration":1.0106000000000677,"failureMessages":[],"meta":{}},{"ancestorTitles":["GitHub workflow rules"],"fullName":"GitHub workflow rules docs workflow uses pages artifact deployment flow","status":"passed","title":"docs workflow uses pages artifact deployment flow","duration":0.7080000000000837,"failureMessages":[],"meta":{}}],"startTime":1773407196648,"endTime":1773407196653.708,"status":"passed","message":"","name":"C:/Users/arva/OneDrive/Documents/Private/Projects/Coding/Bolt.arva/Bolt2.dyi/unit-tests/common/github-workflows.rules.test.ts"},{"assertionResults":[{"ancestorTitles":["discussPrompt basic"],"fullName":"discussPrompt basic returns consultant prompt header","status":"passed","title":"returns consultant prompt header","duration":2.057700000000068,"failureMessages":[],"meta":{}}],"startTime":1773407207909,"endTime":1773407207911.0576,"status":"passed","message":"","name":"C:/Users/arva/OneDrive/Documents/Private/Projects/Coding/Bolt.arva/Bolt2.dyi/unit-tests/common/prompts-discuss.basic.test.ts"},{"assertionResults":[{"ancestorTitles":["discussPrompt constraints"],"fullName":"discussPrompt constraints contains environment and technology constraints","status":"passed","title":"contains environment and technology constraints","duration":3.530200000000036,"failureMessages":[],"meta":{}}],"startTime":1773407206942,"endTime":1773407206945.5303,"status":"passed","message":"","name":"C:/Users/arva/OneDrive/Documents/Private/Projects/Coding/Bolt.arva/Bolt2.dyi/unit-tests/common/prompts-discuss.constraints.test.ts"},{"assertionResults":[{"ancestorTitles":["discussPrompt quick actions"],"fullName":"discussPrompt quick actions contains quick actions guidance","status":"passed","title":"contains quick actions guidance","duration":2.9529999999999745,"failureMessages":[],"meta":{}}],"startTime":1773407205043,"endTime":1773407205045.953,"status":"passed","message":"","name":"C:/Users/arva/OneDrive/Documents/Private/Projects/Coding/Bolt.arva/Bolt2.dyi/unit-tests/common/prompts-discuss.quick-actions.test.ts"},{"assertionResults":[{"ancestorTitles":["discussPrompt support resources"],"fullName":"discussPrompt support resources mentions official support links section","status":"passed","title":"mentions official support links section","duration":3.095800000000054,"failureMessages":[],"meta":{}}],"startTime":1773407206954,"endTime":1773407206957.0957,"status":"passed","message":"","name":"C:/Users/arva/OneDrive/Documents/Private/Projects/Coding/Bolt.arva/Bolt2.dyi/unit-tests/common/prompts-discuss.support.test.ts"},{"assertionResults":[{"ancestorTitles":["getFineTunedPrompt cwd"],"fullName":"getFineTunedPrompt cwd includes provided cwd","status":"passed","title":"includes provided cwd","duration":2.770100000000184,"failureMessages":[],"meta":{}}],"startTime":1773407211598,"endTime":1773407211600.77,"status":"passed","message":"","name":"C:/Users/arva/OneDrive/Documents/Private/Projects/Coding/Bolt.arva/Bolt2.dyi/unit-tests/common/prompts-finetuned.cwd.test.ts"},{"assertionResults":[{"ancestorTitles":["getFineTunedPrompt default"],"fullName":"getFineTunedPrompt default returns baseline fine-tuned prompt","status":"passed","title":"returns baseline fine-tuned prompt","duration":2.920599999999922,"failureMessages":[],"meta":{}}],"startTime":1773407206148,"endTime":1773407206150.9207,"status":"passed","message":"","name":"C:/Users/arva/OneDrive/Documents/Private/Projects/Coding/Bolt.arva/Bolt2.dyi/unit-tests/common/prompts-finetuned.default.test.ts"},{"assertionResults":[{"ancestorTitles":["getFineTunedPrompt design scheme"],"fullName":"getFineTunedPrompt design scheme contains serialized design scheme content","status":"passed","title":"contains serialized design scheme content","duration":2.1557999999999993,"failureMessages":[],"meta":{}}],"startTime":1773407204967,"endTime":1773407204969.1558,"status":"passed","message":"","name":"C:/Users/arva/OneDrive/Documents/Private/Projects/Coding/Bolt.arva/Bolt2.dyi/unit-tests/common/prompts-finetuned.designscheme.test.ts"},{"assertionResults":[{"ancestorTitles":["getFineTunedPrompt supabase connected"],"fullName":"getFineTunedPrompt supabase connected contains VITE supabase variables when credentials exist","status":"passed","title":"contains VITE supabase variables when credentials exist","duration":2.6184000000002925,"failureMessages":[],"meta":{}}],"startTime":1773407204908,"endTime":1773407204910.6184,"status":"passed","message":"","name":"C:/Users/arva/OneDrive/Documents/Private/Projects/Coding/Bolt.arva/Bolt2.dyi/unit-tests/common/prompts-finetuned.supabase-connected.test.ts"},{"assertionResults":[{"ancestorTitles":["getFineTunedPrompt supabase disconnected"],"fullName":"getFineTunedPrompt supabase disconnected includes disconnected notice","status":"passed","title":"includes disconnected notice","duration":2.1727999999998246,"failureMessages":[],"meta":{}}],"startTime":1773407206799,"endTime":1773407206801.1729,"status":"passed","message":"","name":"C:/Users/arva/OneDrive/Documents/Private/Projects/Coding/Bolt.arva/Bolt2.dyi/unit-tests/common/prompts-finetuned.supabase-disconnected.test.ts"},{"assertionResults":[{"ancestorTitles":["getFineTunedPrompt supabase unselected"],"fullName":"getFineTunedPrompt supabase unselected includes select project reminder","status":"passed","title":"includes select project reminder","duration":3.004599999999755,"failureMessages":[],"meta":{}}],"startTime":1773407207506,"endTime":1773407207509.0046,"status":"passed","message":"","name":"C:/Users/arva/OneDrive/Documents/Private/Projects/Coding/Bolt.arva/Bolt2.dyi/unit-tests/common/prompts-finetuned.supabase-unselected.test.ts"},{"assertionResults":[{"ancestorTitles":["optimized prompt default"],"fullName":"optimized prompt default returns prompt with baseline sections","status":"passed","title":"returns prompt with baseline sections","duration":2.8004000000000815,"failureMessages":[],"meta":{}}],"startTime":1773407204289,"endTime":1773407204291.8003,"status":"passed","message":"","name":"C:/Users/arva/OneDrive/Documents/Private/Projects/Coding/Bolt.arva/Bolt2.dyi/unit-tests/common/prompts-optimized.default.test.ts"},{"assertionResults":[{"ancestorTitles":["optimized prompt supabase connected"],"fullName":"optimized prompt supabase connected contains populated env hints","status":"passed","title":"contains populated env hints","duration":2.5548,"failureMessages":[],"meta":{}}],"startTime":1773407202019,"endTime":1773407202021.5547,"status":"passed","message":"","name":"C:/Users/arva/OneDrive/Documents/Private/Projects/Coding/Bolt.arva/Bolt2.dyi/unit-tests/common/prompts-optimized.supabase-connected.test.ts"},{"assertionResults":[{"ancestorTitles":["optimized prompt supabase disconnected"],"fullName":"optimized prompt supabase disconnected mentions supabase connection requirement","status":"passed","title":"mentions supabase connection requirement","duration":2.4291999999999234,"failureMessages":[],"meta":{}}],"startTime":1773407204099,"endTime":1773407204101.4292,"status":"passed","message":"","name":"C:/Users/arva/OneDrive/Documents/Private/Projects/Coding/Bolt.arva/Bolt2.dyi/unit-tests/common/prompts-optimized.supabase-disconnected.test.ts"},{"assertionResults":[{"ancestorTitles":["optimized prompt supabase unselected"],"fullName":"optimized prompt supabase unselected mentions missing project selection","status":"passed","title":"mentions missing project selection","duration":2.5914999999999964,"failureMessages":[],"meta":{}}],"startTime":1773407204672,"endTime":1773407204674.5916,"status":"passed","message":"","name":"C:/Users/arva/OneDrive/Documents/Private/Projects/Coding/Bolt.arva/Bolt2.dyi/unit-tests/common/prompts-optimized.supabase-unselected.test.ts"},{"assertionResults":[{"ancestorTitles":["getSystemPrompt cwd"],"fullName":"getSystemPrompt cwd embeds provided cwd","status":"passed","title":"embeds provided cwd","duration":3.300699999999779,"failureMessages":[],"meta":{}}],"startTime":1773407212410,"endTime":1773407212413.3008,"status":"passed","message":"","name":"C:/Users/arva/OneDrive/Documents/Private/Projects/Coding/Bolt.arva/Bolt2.dyi/unit-tests/common/prompts-system.cwd.test.ts"},{"assertionResults":[{"ancestorTitles":["getSystemPrompt default"],"fullName":"getSystemPrompt default returns base prompt content","status":"passed","title":"returns base prompt content","duration":3.3717000000001462,"failureMessages":[],"meta":{}}],"startTime":1773407206525,"endTime":1773407206528.3716,"status":"passed","message":"","name":"C:/Users/arva/OneDrive/Documents/Private/Projects/Coding/Bolt.arva/Bolt2.dyi/unit-tests/common/prompts-system.default.test.ts"},{"assertionResults":[{"ancestorTitles":["getSystemPrompt design scheme"],"fullName":"getSystemPrompt design scheme embeds design scheme payload in prompt","status":"passed","title":"embeds design scheme payload in prompt","duration":2.879399999999805,"failureMessages":[],"meta":{}}],"startTime":1773407204966,"endTime":1773407204968.8794,"status":"passed","message":"","name":"C:/Users/arva/OneDrive/Documents/Private/Projects/Coding/Bolt.arva/Bolt2.dyi/unit-tests/common/prompts-system.designscheme.test.ts"},{"assertionResults":[{"ancestorTitles":["getSystemPrompt supabase connected"],"fullName":"getSystemPrompt supabase connected includes env variable hints when credentials are available","status":"passed","title":"includes env variable hints when credentials are available","duration":2.7309000000000196,"failureMessages":[],"meta":{}}],"startTime":1773407204833,"endTime":1773407204835.731,"status":"passed","message":"","name":"C:/Users/arva/OneDrive/Documents/Private/Projects/Coding/Bolt.arva/Bolt2.dyi/unit-tests/common/prompts-system.supabase-connected.test.ts"},{"assertionResults":[{"ancestorTitles":["getSystemPrompt supabase disconnected"],"fullName":"getSystemPrompt supabase disconnected includes disconnected guidance","status":"passed","title":"includes disconnected guidance","duration":2.9221999999999753,"failureMessages":[],"meta":{}}],"startTime":1773407207895,"endTime":1773407207897.922,"status":"passed","message":"","name":"C:/Users/arva/OneDrive/Documents/Private/Projects/Coding/Bolt.arva/Bolt2.dyi/unit-tests/common/prompts-system.supabase-disconnected.test.ts"},{"assertionResults":[{"ancestorTitles":["getSystemPrompt supabase unselected project"],"fullName":"getSystemPrompt supabase unselected project includes project selection reminder","status":"passed","title":"includes project selection reminder","duration":3.1095000000000255,"failureMessages":[],"meta":{}}],"startTime":1773407207521,"endTime":1773407207524.1096,"status":"passed","message":"","name":"C:/Users/arva/OneDrive/Documents/Private/Projects/Coding/Bolt.arva/Bolt2.dyi/unit-tests/common/prompts-system.supabase-unselected.test.ts"},{"assertionResults":[{"ancestorTitles":["system prompt profiles"],"fullName":"system prompt profiles builds all configured size profiles","status":"passed","title":"builds all configured size profiles","duration":3.499500000000012,"failureMessages":[],"meta":{}},{"ancestorTitles":["system prompt profiles"],"fullName":"system prompt profiles resolves nearest profile key from model name","status":"passed","title":"resolves nearest profile key from model name","duration":1.3719999999999573,"failureMessages":[],"meta":{}},{"ancestorTitles":["system prompt profiles"],"fullName":"system prompt profiles marks models below 14B as ineligible for custom prompt profiles","status":"passed","title":"marks models below 14B as ineligible for custom prompt profiles","duration":0.7754999999999654,"failureMessages":[],"meta":{}},{"ancestorTitles":["system prompt profiles"],"fullName":"system prompt profiles sanitizes unknown profile payloads with defaults","status":"passed","title":"sanitizes unknown profile payloads with defaults","duration":0.7024999999999864,"failureMessages":[],"meta":{}},{"ancestorTitles":["system prompt profiles"],"fullName":"system prompt profiles returns optimized template defaults when no fallback text exists","status":"passed","title":"returns optimized template defaults when no fallback text exists","duration":0.8761999999999261,"failureMessages":[],"meta":{}},{"ancestorTitles":["system prompt profiles"],"fullName":"system prompt profiles builds optimized default profiles for all configured buckets","status":"passed","title":"builds optimized default profiles for all configured buckets","duration":0.5930000000000746,"failureMessages":[],"meta":{}},{"ancestorTitles":["system prompt profiles"],"fullName":"system prompt profiles estimates prompt tokens from character length","status":"passed","title":"estimates prompt tokens from character length","duration":0.27369999999996253,"failureMessages":[],"meta":{}}],"startTime":1773407192487,"endTime":1773407192496.2737,"status":"passed","message":"","name":"C:/Users/arva/OneDrive/Documents/Private/Projects/Coding/Bolt.arva/Bolt2.dyi/unit-tests/common/system-prompt-profiles.test.ts"},{"assertionResults":[{"ancestorTitles":["core chat-engine"],"fullName":"core chat-engine delegates to streamText with normalized core options","status":"passed","title":"delegates to streamText with normalized core options","duration":3.3695000000000164,"failureMessages":[],"meta":{}}],"startTime":1773407201467,"endTime":1773407201470.3694,"status":"passed","message":"","name":"C:/Users/arva/OneDrive/Documents/Private/Projects/Coding/Bolt.arva/Bolt2.dyi/unit-tests/core/chat-engine.test.ts"},{"assertionResults":[{"ancestorTitles":["core model-router"],"fullName":"core model-router routes explicit openclaw provider to openclaw engine","status":"passed","title":"routes explicit openclaw provider to openclaw engine","duration":2.5533000000000357,"failureMessages":[],"meta":{}},{"ancestorTitles":["core model-router"],"fullName":"core model-router routes workflow model family to workflow engine","status":"passed","title":"routes workflow model family to workflow engine","duration":0.5381999999999607,"failureMessages":[],"meta":{}},{"ancestorTitles":["core model-router"],"fullName":"core model-router defaults to llm engine","status":"passed","title":"defaults to llm engine","duration":0.36199999999996635,"failureMessages":[],"meta":{}}],"startTime":1773407202394,"endTime":1773407202398.362,"status":"passed","message":"","name":"C:/Users/arva/OneDrive/Documents/Private/Projects/Coding/Bolt.arva/Bolt2.dyi/unit-tests/core/model-router.test.ts"},{"assertionResults":[{"ancestorTitles":["config loader"],"fullName":"config loader defaults to sqlite and graceful fallback","status":"passed","title":"defaults to sqlite and graceful fallback","duration":2.2767000000000053,"failureMessages":[],"meta":{}},{"ancestorTitles":["config loader"],"fullName":"config loader accepts postgrest/postgres provider aliases","status":"passed","title":"accepts postgrest/postgres provider aliases","duration":0.5635999999999513,"failureMessages":[],"meta":{}},{"ancestorTitles":["config loader"],"fullName":"config loader enables openclaw when base url exists","status":"passed","title":"enables openclaw when base url exists","duration":0.265700000000038,"failureMessages":[],"meta":{}},{"ancestorTitles":["config loader"],"fullName":"config loader enables n8n when base url and api key exist","status":"passed","title":"enables n8n when base url and api key exist","duration":0.39170000000001437,"failureMessages":[],"meta":{}}],"startTime":1773407198643,"endTime":1773407198647.3916,"status":"passed","message":"","name":"C:/Users/arva/OneDrive/Documents/Private/Projects/Coding/Bolt.arva/Bolt2.dyi/unit-tests/infrastructure/config-loader.test.ts"},{"assertionResults":[{"ancestorTitles":["db router"],"fullName":"db router returns sqlite when provider is sqlite","status":"passed","title":"returns sqlite when provider is sqlite","duration":2.572300000000041,"failureMessages":[],"meta":{}},{"ancestorTitles":["db router"],"fullName":"db router returns postgrest when configured and reachable","status":"passed","title":"returns postgrest when configured and reachable","duration":0.593599999999924,"failureMessages":[],"meta":{}},{"ancestorTitles":["db router"],"fullName":"db router falls back to sqlite when configured postgrest is unreachable and fallback is allowed","status":"passed","title":"falls back to sqlite when configured postgrest is unreachable and fallback is allowed","duration":0.6524000000000569,"failureMessages":[],"meta":{}},{"ancestorTitles":["db router"],"fullName":"db router keeps postgrest mode when fallback disabled","status":"passed","title":"keeps postgrest mode when fallback disabled","duration":0.45699999999999363,"failureMessages":[],"meta":{}}],"startTime":1773407198094,"endTime":1773407198098.457,"status":"passed","message":"","name":"C:/Users/arva/OneDrive/Documents/Private/Projects/Coding/Bolt.arva/Bolt2.dyi/unit-tests/infrastructure/db-router.test.ts"},{"assertionResults":[{"ancestorTitles":["secret-box"],"fullName":"secret-box encrypts and decrypts value with same key","status":"passed","title":"encrypts and decrypts value with same key","duration":9.148099999999886,"failureMessages":[],"meta":{}},{"ancestorTitles":["secret-box"],"fullName":"secret-box returns null when decrypting with wrong key","status":"passed","title":"returns null when decrypting with wrong key","duration":2.0007000000000517,"failureMessages":[],"meta":{}}],"startTime":1773407201599,"endTime":1773407201610.0007,"status":"passed","message":"","name":"C:/Users/arva/OneDrive/Documents/Private/Projects/Coding/Bolt.arva/Bolt2.dyi/unit-tests/infrastructure/encryption.test.ts"},{"assertionResults":[{"ancestorTitles":["migration engine"],"fullName":"migration engine creates migration plan for sqlite and postgrest","status":"passed","title":"creates migration plan for sqlite and postgrest","duration":3.1256000000000768,"failureMessages":[],"meta":{}},{"ancestorTitles":["migration engine"],"fullName":"migration engine returns empty plan when up-to-date","status":"passed","title":"returns empty plan when up-to-date","duration":0.585399999999936,"failureMessages":[],"meta":{}}],"startTime":1773407201599,"endTime":1773407201602.5854,"status":"passed","message":"","name":"C:/Users/arva/OneDrive/Documents/Private/Projects/Coding/Bolt.arva/Bolt2.dyi/unit-tests/infrastructure/migration-engine.test.ts"},{"assertionResults":[{"ancestorTitles":["integration capability detection"],"fullName":"integration capability detection reports disabled openclaw and sqlite active","status":"passed","title":"reports disabled openclaw and sqlite active","duration":3.3541000000000167,"failureMessages":[],"meta":{}},{"ancestorTitles":["integration capability detection"],"fullName":"integration capability detection reports enabled openclaw and degraded db fallback","status":"passed","title":"reports enabled openclaw and degraded db fallback","duration":0.5960000000000036,"failureMessages":[],"meta":{}}],"startTime":1773407197352,"endTime":1773407197356.596,"status":"passed","message":"","name":"C:/Users/arva/OneDrive/Documents/Private/Projects/Coding/Bolt.arva/Bolt2.dyi/unit-tests/integrations/capability-detection.test.ts"},{"assertionResults":[{"ancestorTitles":["mcp adapter"],"fullName":"mcp adapter processes tool invocations in request-scoped adapter context","status":"passed","title":"processes tool invocations in request-scoped adapter context","duration":5.6340999999999894,"failureMessages":[],"meta":{}}],"startTime":1773407200471,"endTime":1773407200476.634,"status":"passed","message":"","name":"C:/Users/arva/OneDrive/Documents/Private/Projects/Coding/Bolt.arva/Bolt2.dyi/unit-tests/integrations/mcp-adapter.test.ts"},{"assertionResults":[{"ancestorTitles":["persistence runtime status"],"fullName":"persistence runtime status falls back to sqlite when postgrest configured but unavailable and fallback allowed","status":"passed","title":"falls back to sqlite when postgrest configured but unavailable and fallback allowed","duration":3.3053999999999633,"failureMessages":[],"meta":{}},{"ancestorTitles":["persistence runtime status"],"fullName":"persistence runtime status keeps postgrest mode when fallback disabled","status":"passed","title":"keeps postgrest mode when fallback disabled","duration":0.7093999999999596,"failureMessages":[],"meta":{}},{"ancestorTitles":["persistence runtime status"],"fullName":"persistence runtime status uses postgrest when configured and reachable","status":"passed","title":"uses postgrest when configured and reachable","duration":0.4210000000000491,"failureMessages":[],"meta":{}}],"startTime":1773407195651,"endTime":1773407195655.7095,"status":"passed","message":"","name":"C:/Users/arva/OneDrive/Documents/Private/Projects/Coding/Bolt.arva/Bolt2.dyi/unit-tests/integrations/persistence-runtime.test.ts"},{"assertionResults":[{"ancestorTitles":["server auth cookie security"],"fullName":"server auth cookie security sets Secure on auth cookies in production","status":"passed","title":"sets Secure on auth cookies in production","duration":4.789300000000026,"failureMessages":[],"meta":{}},{"ancestorTitles":["server auth cookie security"],"fullName":"server auth cookie security does not force Secure in local dev by default","status":"passed","title":"does not force Secure in local dev by default","duration":0.8139999999999645,"failureMessages":[],"meta":{}},{"ancestorTitles":["server auth cookie security"],"fullName":"server auth cookie security clears cookies with Secure directive when docker flag is enabled","status":"passed","title":"clears cookies with Secure directive when docker flag is enabled","duration":5.793700000000058,"failureMessages":[],"meta":{}}],"startTime":1773407195730,"endTime":1773407195740.7937,"status":"passed","message":"","name":"C:/Users/arva/OneDrive/Documents/Private/Projects/Coding/Bolt.arva/Bolt2.dyi/unit-tests/lib/server-auth.cookies.test.ts"},{"assertionResults":[{"ancestorTitles":["Performance and Stability: Request Pipeline"],"fullName":"Performance and Stability: Request Pipeline Test 1 - Request creation latency (<10ms)","status":"passed","title":"Test 1 - Request creation latency (<10ms)","duration":1.4645999999999049,"failureMessages":[],"meta":{}},{"ancestorTitles":["Performance and Stability: Request Pipeline"],"fullName":"Performance and Stability: Request Pipeline Test 2 - Request payload size (< maxPromptLimit)","status":"passed","title":"Test 2 - Request payload size (< maxPromptLimit)","duration":0.348700000000008,"failureMessages":[],"meta":{}},{"ancestorTitles":["Performance and Stability: Request Pipeline"],"fullName":"Performance and Stability: Request Pipeline Test 3 - Tokenization performance (<10ms)","status":"passed","title":"Test 3 - Tokenization performance (<10ms)","duration":0.38810000000000855,"failureMessages":[],"meta":{}},{"ancestorTitles":["Performance and Stability: Request Pipeline"],"fullName":"Performance and Stability: Request Pipeline Test 4 - Parallel request handling (no deadlocks/no loss)","status":"passed","title":"Test 4 - Parallel request handling (no deadlocks/no loss)","duration":3.2578000000000884,"failureMessages":[],"meta":{}},{"ancestorTitles":["Performance and Stability: LLM Provider Layer"],"fullName":"Performance and Stability: LLM Provider Layer Test 5 - Provider selection speed (<5ms)","status":"passed","title":"Test 5 - Provider selection speed (<5ms)","duration":0.4656000000001086,"failureMessages":[],"meta":{}},{"ancestorTitles":["Performance and Stability: LLM Provider Layer"],"fullName":"Performance and Stability: LLM Provider Layer Test 6 - Missing provider handling (throws ProviderNotFound)","status":"passed","title":"Test 6 - Missing provider handling (throws ProviderNotFound)","duration":1.0452000000000226,"failureMessages":[],"meta":{}},{"ancestorTitles":["Performance and Stability: LLM Provider Layer"],"fullName":"Performance and Stability: LLM Provider Layer Test 7 - API key lookup performance (<5ms)","status":"passed","title":"Test 7 - API key lookup performance (<5ms)","duration":0.3301999999999907,"failureMessages":[],"meta":{}},{"ancestorTitles":["Performance and Stability: Streaming Response"],"fullName":"Performance and Stability: Streaming Response Test 8 - Stream start latency (firstTokenTime < threshold)","status":"passed","title":"Test 8 - Stream start latency (firstTokenTime < threshold)","duration":10.845199999999977,"failureMessages":[],"meta":{}},{"ancestorTitles":["Performance and Stability: Streaming Response"],"fullName":"Performance and Stability: Streaming Response Test 9 - Stream processing throughput (no loss/order preserved)","status":"passed","title":"Test 9 - Stream processing throughput (no loss/order preserved)","duration":1.3281999999999243,"failureMessages":[],"meta":{}},{"ancestorTitles":["Performance and Stability: Streaming Response"],"fullName":"Performance and Stability: Streaming Response Test 10 - Stream timeout detection (timeout triggered)","status":"passed","title":"Test 10 - Stream timeout detection (timeout triggered)","duration":30.9772999999999,"failureMessages":[],"meta":{}},{"ancestorTitles":["Performance and Stability: UI State Performance"],"fullName":"Performance and Stability: UI State Performance Test 11 - Message append speed (<2ms)","status":"passed","title":"Test 11 - Message append speed (<2ms)","duration":0.3914999999999509,"failureMessages":[],"meta":{}},{"ancestorTitles":["Performance and Stability: UI State Performance"],"fullName":"Performance and Stability: UI State Performance Test 12 - Chat render performance (200 messages under threshold)","status":"passed","title":"Test 12 - Chat render performance (200 messages under threshold)","duration":0.30789999999990414,"failureMessages":[],"meta":{}},{"ancestorTitles":["Performance and Stability: UI State Performance"],"fullName":"Performance and Stability: UI State Performance Test 13 - Message serialization performance (<10ms)","status":"passed","title":"Test 13 - Message serialization performance (<10ms)","duration":0.2681999999999789,"failureMessages":[],"meta":{}},{"ancestorTitles":["Performance and Stability: Database Layer"],"fullName":"Performance and Stability: Database Layer Test 14 - Conversation save speed (<20ms)","status":"passed","title":"Test 14 - Conversation save speed (<20ms)","duration":0.2218999999998914,"failureMessages":[],"meta":{}},{"ancestorTitles":["Performance and Stability: Database Layer"],"fullName":"Performance and Stability: Database Layer Test 15 - Conversation load performance (100 conv under threshold)","status":"passed","title":"Test 15 - Conversation load performance (100 conv under threshold)","duration":0.4315000000000282,"failureMessages":[],"meta":{}},{"ancestorTitles":["Performance and Stability: Database Layer"],"fullName":"Performance and Stability: Database Layer Test 16 - Concurrent writes (no race condition)","status":"passed","title":"Test 16 - Concurrent writes (no race condition)","duration":0.23489999999992506,"failureMessages":[],"meta":{}},{"ancestorTitles":["Performance and Stability: Memory & Resource Use"],"fullName":"Performance and Stability: Memory & Resource Use Test 17 - Memory leak detection (100 requests, bounded heap growth)","status":"passed","title":"Test 17 - Memory leak detection (100 requests, bounded heap growth)","duration":1413.143,"failureMessages":[],"meta":{}},{"ancestorTitles":["Performance and Stability: Memory & Resource Use"],"fullName":"Performance and Stability: Memory & Resource Use Test 18 - Garbage collection stability (heap usage check)","status":"passed","title":"Test 18 - Garbage collection stability (heap usage check)","duration":0.5826999999999316,"failureMessages":[],"meta":{}},{"ancestorTitles":["Performance and Stability: Stress Testing"],"fullName":"Performance and Stability: Stress Testing Test 19 - High request burst (50 requests responsive)","status":"passed","title":"Test 19 - High request burst (50 requests responsive)","duration":11.858600000000024,"failureMessages":[],"meta":{}},{"ancestorTitles":["Performance and Stability: Stress Testing"],"fullName":"Performance and Stability: Stress Testing Test 20 - Long conversation performance (1000 history prompt build)","status":"passed","title":"Test 20 - Long conversation performance (1000 history prompt build)","duration":0.81899999999996,"failureMessages":[],"meta":{}},{"ancestorTitles":["Bonus - LLM request lifecycle test"],"fullName":"Bonus - LLM request lifecycle test covers user message -> prompt -> provider -> request -> stream -> UI update","status":"passed","title":"covers user message -> prompt -> provider -> request -> stream -> UI update","duration":27.44470000000001,"failureMessages":[],"meta":{}}],"startTime":1773407189906,"endTime":1773407191414.4446,"status":"passed","message":"","name":"C:/Users/arva/OneDrive/Documents/Private/Projects/Coding/Bolt.arva/Bolt2.dyi/unit-tests/performance/llm-performance-stability.test.ts"},{"assertionResults":[{"ancestorTitles":["persistence/chats"],"fullName":"persistence/chats gets all chats","status":"passed","title":"gets all chats","duration":2.7246000000000095,"failureMessages":[],"meta":{}},{"ancestorTitles":["persistence/chats"],"fullName":"persistence/chats rejects when getAll transaction creation fails","status":"passed","title":"rejects when getAll transaction creation fails","duration":5.339799999999968,"failureMessages":[],"meta":{}},{"ancestorTitles":["persistence/chats"],"fullName":"persistence/chats gets a chat by id and can return null","status":"passed","title":"gets a chat by id and can return null","duration":2.1253000000000384,"failureMessages":[],"meta":{}},{"ancestorTitles":["persistence/chats"],"fullName":"persistence/chats saves, deletes, and clears chats","status":"passed","title":"saves, deletes, and clears chats","duration":1.8027999999999338,"failureMessages":[],"meta":{}},{"ancestorTitles":["persistence/chats"],"fullName":"persistence/chats rejects when write operations fail","status":"passed","title":"rejects when write operations fail","duration":1.2436999999999898,"failureMessages":[],"meta":{}}],"startTime":1773407192339,"endTime":1773407192352.2437,"status":"passed","message":"","name":"C:/Users/arva/OneDrive/Documents/Private/Projects/Coding/Bolt.arva/Bolt2.dyi/unit-tests/persistence/chats.test.ts"},{"assertionResults":[{"ancestorTitles":["persistence/chatTitle"],"fullName":"persistence/chatTitle derives the title from the first stored user message","status":"passed","title":"derives the title from the first stored user message","duration":2.6730999999999767,"failureMessages":[],"meta":{}},{"ancestorTitles":["persistence/chatTitle"],"fullName":"persistence/chatTitle removes markup and truncates long prompts","status":"passed","title":"removes markup and truncates long prompts","duration":0.8656999999999471,"failureMessages":[],"meta":{}},{"ancestorTitles":["persistence/chatTitle"],"fullName":"persistence/chatTitle reads v3 text parts when content is empty","status":"passed","title":"reads v3 text parts when content is empty","duration":0.6096999999999753,"failureMessages":[],"meta":{}},{"ancestorTitles":["persistence/chatTitle"],"fullName":"persistence/chatTitle falls back to the artifact title when no usable user prompt exists","status":"passed","title":"falls back to the artifact title when no usable user prompt exists","duration":0.33169999999995525,"failureMessages":[],"meta":{}}],"startTime":1773407195256,"endTime":1773407195260.3318,"status":"passed","message":"","name":"C:/Users/arva/OneDrive/Documents/Private/Projects/Coding/Bolt.arva/Bolt2.dyi/unit-tests/persistence/chatTitle.test.ts"},{"assertionResults":[{"ancestorTitles":["persistence/db ids"],"fullName":"persistence/db ids computes next numeric id","status":"passed","title":"computes next numeric id","duration":4.065799999999967,"failureMessages":[],"meta":{}},{"ancestorTitles":["persistence/db ids"],"fullName":"persistence/db ids returns unique url id when collision exists","status":"passed","title":"returns unique url id when collision exists","duration":1.4184999999999945,"failureMessages":[],"meta":{}}],"startTime":1773407197765,"endTime":1773407197771.4185,"status":"passed","message":"","name":"C:/Users/arva/OneDrive/Documents/Private/Projects/Coding/Bolt.arva/Bolt2.dyi/unit-tests/persistence/db.ids.test.ts"},{"assertionResults":[{"ancestorTitles":["persistence/db snapshots"],"fullName":"persistence/db snapshots sets and gets snapshot data","status":"passed","title":"sets and gets snapshot data","duration":3.4465000000000146,"failureMessages":[],"meta":{}},{"ancestorTitles":["persistence/db snapshots"],"fullName":"persistence/db snapshots handles deleteSnapshot NotFoundError as success","status":"passed","title":"handles deleteSnapshot NotFoundError as success","duration":0.8335000000000719,"failureMessages":[],"meta":{}}],"startTime":1773407196662,"endTime":1773407196666.8335,"status":"passed","message":"","name":"C:/Users/arva/OneDrive/Documents/Private/Projects/Coding/Bolt.arva/Bolt2.dyi/unit-tests/persistence/db.snapshots.test.ts"},{"assertionResults":[{"ancestorTitles":["persistence/db"],"fullName":"persistence/db returns undefined when indexedDB is unavailable","status":"passed","title":"returns undefined when indexedDB is unavailable","duration":2.915399999999863,"failureMessages":[],"meta":{}},{"ancestorTitles":["persistence/db"],"fullName":"persistence/db opens indexedDB and handles upgrade path","status":"passed","title":"opens indexedDB and handles upgrade path","duration":2.8939000000000306,"failureMessages":[],"meta":{}},{"ancestorTitles":["persistence/db"],"fullName":"persistence/db handles basic chat storage and retrieval operations","status":"passed","title":"handles basic chat storage and retrieval operations","duration":6.206300000000056,"failureMessages":[],"meta":{}},{"ancestorTitles":["persistence/db"],"fullName":"persistence/db supports id/url generation and chat clone/fork flows","status":"passed","title":"supports id/url generation and chat clone/fork flows","duration":3.3935999999998785,"failureMessages":[],"meta":{}},{"ancestorTitles":["persistence/db"],"fullName":"persistence/db updates descriptions, metadata, and snapshots","status":"passed","title":"updates descriptions, metadata, and snapshots","duration":3.475099999999884,"failureMessages":[],"meta":{}}],"startTime":1773407190236,"endTime":1773407190255.475,"status":"passed","message":"","name":"C:/Users/arva/OneDrive/Documents/Private/Projects/Coding/Bolt.arva/Bolt2.dyi/unit-tests/persistence/db.test.ts"},{"assertionResults":[{"ancestorTitles":["persistence/index barrel exports"],"fullName":"persistence/index barrel exports exports localStorage helpers","status":"passed","title":"exports localStorage helpers","duration":4.251900000000205,"failureMessages":[],"meta":{}},{"ancestorTitles":["persistence/index barrel exports"],"fullName":"persistence/index barrel exports exports database helpers","status":"passed","title":"exports database helpers","duration":0.8829999999998108,"failureMessages":[],"meta":{}},{"ancestorTitles":["persistence/index barrel exports"],"fullName":"persistence/index barrel exports exports chat history hook helpers","status":"passed","title":"exports chat history hook helpers","duration":0.3953000000001339,"failureMessages":[],"meta":{}}],"startTime":1773407206086,"endTime":1773407206092.3953,"status":"passed","message":"","name":"C:/Users/arva/OneDrive/Documents/Private/Projects/Coding/Bolt.arva/Bolt2.dyi/unit-tests/persistence/index.test.ts"},{"assertionResults":[{"ancestorTitles":["persistence/localStorage"],"fullName":"persistence/localStorage returns null when not running in client context","status":"passed","title":"returns null when not running in client context","duration":153.3899,"failureMessages":[],"meta":{}},{"ancestorTitles":["persistence/localStorage"],"fullName":"persistence/localStorage reads and writes when localStorage is available","status":"passed","title":"reads and writes when localStorage is available","duration":20.488399999999956,"failureMessages":[],"meta":{}},{"ancestorTitles":["persistence/localStorage"],"fullName":"persistence/localStorage returns null when stored JSON is invalid","status":"passed","title":"returns null when stored JSON is invalid","duration":11.139799999999923,"failureMessages":[],"meta":{}}],"startTime":1773407198626,"endTime":1773407198812.14,"status":"passed","message":"","name":"C:/Users/arva/OneDrive/Documents/Private/Projects/Coding/Bolt.arva/Bolt2.dyi/unit-tests/persistence/localStorage.test.ts"},{"assertionResults":[{"ancestorTitles":["persistence/lockedFiles batch ops"],"fullName":"persistence/lockedFiles batch ops batch-locks mixed file/folder items","status":"passed","title":"batch-locks mixed file/folder items","duration":8.350599999999986,"failureMessages":[],"meta":{}},{"ancestorTitles":["persistence/lockedFiles batch ops"],"fullName":"persistence/lockedFiles batch ops batch-unlocks selected paths only","status":"passed","title":"batch-unlocks selected paths only","duration":2.6154000000000224,"failureMessages":[],"meta":{}},{"ancestorTitles":["persistence/lockedFiles batch ops"],"fullName":"persistence/lockedFiles batch ops no-ops for empty batch arrays","status":"passed","title":"no-ops for empty batch arrays","duration":0.8746000000000436,"failureMessages":[],"meta":{}}],"startTime":1773407195760,"endTime":1773407195771.8745,"status":"passed","message":"","name":"C:/Users/arva/OneDrive/Documents/Private/Projects/Coding/Bolt.arva/Bolt2.dyi/unit-tests/persistence/lockedFiles.batch.test.ts"},{"assertionResults":[{"ancestorTitles":["persistence/lockedFiles cache behavior"],"fullName":"persistence/lockedFiles cache behavior uses cache between reads until clearCache is called","status":"passed","title":"uses cache between reads until clearCache is called","duration":5.325900000000047,"failureMessages":[],"meta":{}},{"ancestorTitles":["persistence/lockedFiles cache behavior"],"fullName":"persistence/lockedFiles cache behavior debounces localStorage writes through save path","status":"passed","title":"debounces localStorage writes through save path","duration":2.914099999999962,"failureMessages":[],"meta":{}}],"startTime":1773407197744,"endTime":1773407197752.914,"status":"passed","message":"","name":"C:/Users/arva/OneDrive/Documents/Private/Projects/Coding/Bolt.arva/Bolt2.dyi/unit-tests/persistence/lockedFiles.cache.test.ts"},{"assertionResults":[{"ancestorTitles":["persistence/lockedFiles core"],"fullName":"persistence/lockedFiles core adds and removes file/folder locks","status":"passed","title":"adds and removes file/folder locks","duration":8.105099999999993,"failureMessages":[],"meta":{}},{"ancestorTitles":["persistence/lockedFiles core"],"fullName":"persistence/lockedFiles core detects direct and parent-folder locks","status":"passed","title":"detects direct and parent-folder locks","duration":1.7375000000000682,"failureMessages":[],"meta":{}},{"ancestorTitles":["persistence/lockedFiles core"],"fullName":"persistence/lockedFiles core returns chat-specific locked files and folders","status":"passed","title":"returns chat-specific locked files and folders","duration":2.231899999999996,"failureMessages":[],"meta":{}}],"startTime":1773407195096,"endTime":1773407195108.232,"status":"passed","message":"","name":"C:/Users/arva/OneDrive/Documents/Private/Projects/Coding/Bolt.arva/Bolt2.dyi/unit-tests/persistence/lockedFiles.core.test.ts"},{"assertionResults":[{"ancestorTitles":["persistence/lockedFiles migration"],"fullName":"persistence/lockedFiles migration migrates legacy lock entries missing chatId/isFolder","status":"passed","title":"migrates legacy lock entries missing chatId/isFolder","duration":9.018500000000017,"failureMessages":[],"meta":{}},{"ancestorTitles":["persistence/lockedFiles migration"],"fullName":"persistence/lockedFiles migration keeps already-migrated entries unchanged","status":"passed","title":"keeps already-migrated entries unchanged","duration":3.6854000000000724,"failureMessages":[],"meta":{}}],"startTime":1773407197383,"endTime":1773407197395.6853,"status":"passed","message":"","name":"C:/Users/arva/OneDrive/Documents/Private/Projects/Coding/Bolt.arva/Bolt2.dyi/unit-tests/persistence/lockedFiles.migration.test.ts"},{"assertionResults":[{"ancestorTitles":["authz"],"fullName":"authz allows global admin to access admin and user routes","status":"passed","title":"allows global admin to access admin and user routes","duration":2.2964000000000624,"failureMessages":[],"meta":{}},{"ancestorTitles":["authz"],"fullName":"authz allows user role to access only user routes","status":"passed","title":"allows user role to access only user routes","duration":0.5878000000000156,"failureMessages":[],"meta":{}},{"ancestorTitles":["authz"],"fullName":"authz denies unknown role","status":"passed","title":"denies unknown role","duration":0.5583000000000311,"failureMessages":[],"meta":{}}],"startTime":1773407202591,"endTime":1773407202594.5583,"status":"passed","message":"","name":"C:/Users/arva/OneDrive/Documents/Private/Projects/Coding/Bolt.arva/Bolt2.dyi/unit-tests/platform/authz.test.ts"},{"assertionResults":[{"ancestorTitles":["jwt"],"fullName":"jwt issues and verifies signed token payload","status":"passed","title":"issues and verifies signed token payload","duration":6.987600000000043,"failureMessages":[],"meta":{}},{"ancestorTitles":["jwt"],"fullName":"jwt rejects token with wrong secret","status":"passed","title":"rejects token with wrong secret","duration":1.540300000000002,"failureMessages":[],"meta":{}}],"startTime":1773407200086,"endTime":1773407200094.5403,"status":"passed","message":"","name":"C:/Users/arva/OneDrive/Documents/Private/Projects/Coding/Bolt.arva/Bolt2.dyi/unit-tests/platform/jwt.test.ts"},{"assertionResults":[{"ancestorTitles":["rate-limit"],"fullName":"rate-limit allows requests under limit and blocks above limit within window","status":"passed","title":"allows requests under limit and blocks above limit within window","duration":2.3641000000000076,"failureMessages":[],"meta":{}},{"ancestorTitles":["rate-limit"],"fullName":"rate-limit resets allowance after window has passed","status":"passed","title":"resets allowance after window has passed","duration":0.40219999999999345,"failureMessages":[],"meta":{}}],"startTime":1773407199712,"endTime":1773407199715.402,"status":"passed","message":"","name":"C:/Users/arva/OneDrive/Documents/Private/Projects/Coding/Bolt.arva/Bolt2.dyi/unit-tests/platform/rate-limit.test.ts"},{"assertionResults":[{"ancestorTitles":["require-role"],"fullName":"require-role allows global admin for admin and user requirement","status":"passed","title":"allows global admin for admin and user requirement","duration":4.064699999999959,"failureMessages":[],"meta":{}},{"ancestorTitles":["require-role"],"fullName":"require-role blocks user for admin requirement","status":"passed","title":"blocks user for admin requirement","duration":0.5099999999999909,"failureMessages":[],"meta":{}}],"startTime":1773407203936,"endTime":1773407203940.51,"status":"passed","message":"","name":"C:/Users/arva/OneDrive/Documents/Private/Projects/Coding/Bolt.arva/Bolt2.dyi/unit-tests/platform/require-role.test.ts"},{"assertionResults":[{"ancestorTitles":["schema-version"],"fullName":"schema-version returns pending versions from current db version to target","status":"passed","title":"returns pending versions from current db version to target","duration":2.5703999999999496,"failureMessages":[],"meta":{}},{"ancestorTitles":["schema-version"],"fullName":"schema-version returns no pending versions when already up-to-date","status":"passed","title":"returns no pending versions when already up-to-date","duration":1.8052999999999884,"failureMessages":[],"meta":{}},{"ancestorTitles":["schema-version"],"fullName":"schema-version detects migration requirement when db behind target","status":"passed","title":"detects migration requirement when db behind target","duration":0.3753000000000384,"failureMessages":[],"meta":{}}],"startTime":1773407200887,"endTime":1773407200891.3752,"status":"passed","message":"","name":"C:/Users/arva/OneDrive/Documents/Private/Projects/Coding/Bolt.arva/Bolt2.dyi/unit-tests/platform/schema-version.test.ts"},{"assertionResults":[{"ancestorTitles":["/api/agent-runs"],"fullName":"/api/agent-runs starts run on intent=start","status":"passed","title":"starts run on intent=start","duration":136.66489999999976,"failureMessages":[],"meta":{}},{"ancestorTitles":["/api/agent-runs"],"fullName":"/api/agent-runs adds openclaw metadata when configured","status":"passed","title":"adds openclaw metadata when configured","duration":4.971399999998539,"failureMessages":[],"meta":{}},{"ancestorTitles":["/api/agent-runs"],"fullName":"/api/agent-runs cancels run on intent=cancel and delegates remote cancel for openclaw run","status":"passed","title":"cancels run on intent=cancel and delegates remote cancel for openclaw run","duration":2.009700000000521,"failureMessages":[],"meta":{}},{"ancestorTitles":["/api/agent-runs"],"fullName":"/api/agent-runs returns persisted run status by runId","status":"passed","title":"returns persisted run status by runId","duration":1.7233000000014727,"failureMessages":[],"meta":{}},{"ancestorTitles":["/api/agent-runs"],"fullName":"/api/agent-runs includes remote status for openclaw run with remoteRunId","status":"passed","title":"includes remote status for openclaw run with remoteRunId","duration":1.3571000000010827,"failureMessages":[],"meta":{}},{"ancestorTitles":["/api/agent-runs"],"fullName":"/api/agent-runs returns persisted list when runId is missing","status":"passed","title":"returns persisted list when runId is missing","duration":4.693400000000111,"failureMessages":[],"meta":{}}],"startTime":1773407197965,"endTime":1773407198116.6934,"status":"passed","message":"","name":"C:/Users/arva/OneDrive/Documents/Private/Projects/Coding/Bolt.arva/Bolt2.dyi/unit-tests/routes/api.agent-runs.test.ts"},{"assertionResults":[{"ancestorTitles":["/api/auth/login"],"fullName":"/api/auth/login returns 429 when request is blocked by rate limiter","status":"passed","title":"returns 429 when request is blocked by rate limiter","duration":6.980400000000145,"failureMessages":[],"meta":{}},{"ancestorTitles":["/api/auth/login"],"fullName":"/api/auth/login returns 400 when username or password missing","status":"passed","title":"returns 400 when username or password missing","duration":3.3507999999999356,"failureMessages":[],"meta":{}},{"ancestorTitles":["/api/auth/login"],"fullName":"/api/auth/login returns 401 when user not found","status":"passed","title":"returns 401 when user not found","duration":1.7744000000000142,"failureMessages":[],"meta":{}},{"ancestorTitles":["/api/auth/login"],"fullName":"/api/auth/login returns 200 and sets cookies on success","status":"passed","title":"returns 200 and sets cookies on success","duration":5.270599999999831,"failureMessages":[],"meta":{}},{"ancestorTitles":["/api/auth/login"],"fullName":"/api/auth/login adds Secure flag to JWT cookie in production-like environments","status":"passed","title":"adds Secure flag to JWT cookie in production-like environments","duration":2.475099999999884,"failureMessages":[],"meta":{}},{"ancestorTitles":["/api/auth/login"],"fullName":"/api/auth/login returns JSON 500 when persistence lookup throws","status":"passed","title":"returns JSON 500 when persistence lookup throws","duration":1.9444999999998345,"failureMessages":[],"meta":{}}],"startTime":1773407190820,"endTime":1773407190842.9446,"status":"passed","message":"","name":"C:/Users/arva/OneDrive/Documents/Private/Projects/Coding/Bolt.arva/Bolt2.dyi/unit-tests/routes/api.auth.login.test.ts"},{"assertionResults":[{"ancestorTitles":["/api/auth/session + /api/auth/logout"],"fullName":"/api/auth/session + /api/auth/logout returns unauthenticated session payload","status":"passed","title":"returns unauthenticated session payload","duration":10.837999999999965,"failureMessages":[],"meta":{}},{"ancestorTitles":["/api/auth/session + /api/auth/logout"],"fullName":"/api/auth/session + /api/auth/logout returns authenticated session payload","status":"passed","title":"returns authenticated session payload","duration":4.045700000000011,"failureMessages":[],"meta":{}},{"ancestorTitles":["/api/auth/session + /api/auth/logout"],"fullName":"/api/auth/session + /api/auth/logout returns unauthenticated fallback payload when user-count lookup fails","status":"passed","title":"returns unauthenticated fallback payload when user-count lookup fails","duration":2.288099999999986,"failureMessages":[],"meta":{}},{"ancestorTitles":["/api/auth/session + /api/auth/logout"],"fullName":"/api/auth/session + /api/auth/logout clears auth cookies on logout","status":"passed","title":"clears auth cookies on logout","duration":1.897100000000023,"failureMessages":[],"meta":{}}],"startTime":1773407192760,"endTime":1773407192779.8972,"status":"passed","message":"","name":"C:/Users/arva/OneDrive/Documents/Private/Projects/Coding/Bolt.arva/Bolt2.dyi/unit-tests/routes/api.auth.session-logout.test.ts"},{"assertionResults":[{"ancestorTitles":["app/routes/api.auth.session.ts"],"fullName":"app/routes/api.auth.session.ts add unit tests for this source file","status":"todo","title":"add unit tests for this source file","failureMessages":[],"meta":{}}],"startTime":1773407188682,"endTime":1773407188682,"status":"passed","message":"","name":"C:/Users/arva/OneDrive/Documents/Private/Projects/Coding/Bolt.arva/Bolt2.dyi/unit-tests/routes/api.auth.session.test.ts"},{"assertionResults":[{"ancestorTitles":["/api/auth/signup"],"fullName":"/api/auth/signup returns 400 for short username","status":"passed","title":"returns 400 for short username","duration":13.875700000000052,"failureMessages":[],"meta":{}},{"ancestorTitles":["/api/auth/signup"],"fullName":"/api/auth/signup returns 409 when username exists","status":"passed","title":"returns 409 when username exists","duration":2.7827000000002045,"failureMessages":[],"meta":{}},{"ancestorTitles":["/api/auth/signup"],"fullName":"/api/auth/signup creates first user as admin and sets auth cookie","status":"passed","title":"creates first user as admin and sets auth cookie","duration":6.757000000000062,"failureMessages":[],"meta":{}},{"ancestorTitles":["/api/auth/signup"],"fullName":"/api/auth/signup returns JSON 500 when persistence lookup throws","status":"passed","title":"returns JSON 500 when persistence lookup throws","duration":1.8722999999999956,"failureMessages":[],"meta":{}}],"startTime":1773407193939,"endTime":1773407193964.8723,"status":"passed","message":"","name":"C:/Users/arva/OneDrive/Documents/Private/Projects/Coding/Bolt.arva/Bolt2.dyi/unit-tests/routes/api.auth.signup.test.ts"},{"assertionResults":[{"ancestorTitles":["/api/bug-report edge cases"],"fullName":"/api/bug-report edge cases returns 400 when payload is detected as spam","status":"passed","title":"returns 400 when payload is detected as spam","duration":16.589699999999993,"failureMessages":[],"meta":{}},{"ancestorTitles":["/api/bug-report edge cases"],"fullName":"/api/bug-report edge cases returns 429 after too many requests from same IP","status":"passed","title":"returns 429 after too many requests from same IP","duration":12.381700000000023,"failureMessages":[],"meta":{}},{"ancestorTitles":["/api/bug-report edge cases"],"fullName":"/api/bug-report edge cases maps GitHub 403 to 503 response","status":"passed","title":"maps GitHub 403 to 503 response","duration":2.6182000000000016,"failureMessages":[],"meta":{}}],"startTime":1773407193195,"endTime":1773407193226.6182,"status":"passed","message":"","name":"C:/Users/arva/OneDrive/Documents/Private/Projects/Coding/Bolt.arva/Bolt2.dyi/unit-tests/routes/api.bug-report-edges.test.ts"},{"assertionResults":[{"ancestorTitles":["/api/bug-report"],"fullName":"/api/bug-report returns 405 for non-POST request","status":"passed","title":"returns 405 for non-POST request","duration":4.185899999999947,"failureMessages":[],"meta":{}},{"ancestorTitles":["/api/bug-report"],"fullName":"/api/bug-report returns 400 for invalid payload","status":"passed","title":"returns 400 for invalid payload","duration":17.263099999999895,"failureMessages":[],"meta":{}},{"ancestorTitles":["/api/bug-report"],"fullName":"/api/bug-report returns 500 when github token is missing","status":"passed","title":"returns 500 when github token is missing","duration":3.6945999999998094,"failureMessages":[],"meta":{}},{"ancestorTitles":["/api/bug-report"],"fullName":"/api/bug-report creates github issue and returns success for valid request","status":"passed","title":"creates github issue and returns success for valid request","duration":8.546299999999974,"failureMessages":[],"meta":{}},{"ancestorTitles":["/api/bug-report"],"fullName":"/api/bug-report sanitizes potentially malicious html/script payloads in issue body fields","status":"passed","title":"sanitizes potentially malicious html/script payloads in issue body fields","duration":2.952099999999973,"failureMessages":[],"meta":{}},{"ancestorTitles":["/api/bug-report"],"fullName":"/api/bug-report rejects spam/phishing-style bug report content","status":"passed","title":"rejects spam/phishing-style bug report content","duration":2.228800000000092,"failureMessages":[],"meta":{}}],"startTime":1773407190324,"endTime":1773407190363.2288,"status":"passed","message":"","name":"C:/Users/arva/OneDrive/Documents/Private/Projects/Coding/Bolt.arva/Bolt2.dyi/unit-tests/routes/api.bug-report.test.ts"},{"assertionResults":[{"ancestorTitles":["api.chat streaming end-to-end regression"],"fullName":"api.chat streaming end-to-end regression streams delayed text chunks to response body (guards against non-awaited stream bug)","status":"passed","title":"streams delayed text chunks to response body (guards against non-awaited stream bug)","duration":58.44970000000012,"failureMessages":[],"meta":{}},{"ancestorTitles":["api.chat streaming end-to-end regression"],"fullName":"api.chat streaming end-to-end regression runs multiple Ollama recovery rounds when split mode produces repeated narrative output","status":"passed","title":"runs multiple Ollama recovery rounds when split mode produces repeated narrative output","duration":10.542100000000573,"failureMessages":[],"meta":{}},{"ancestorTitles":["api.chat streaming end-to-end regression"],"fullName":"api.chat streaming end-to-end regression completes partial cloud build artifacts into runnable React project essentials","status":"passed","title":"completes partial cloud build artifacts into runnable React project essentials","duration":12.597999999999956,"failureMessages":[],"meta":{}},{"ancestorTitles":["api.chat streaming end-to-end regression"],"fullName":"api.chat streaming end-to-end regression buffers cloud build prose and emits only executable artifact content plus synthesized essentials","status":"passed","title":"buffers cloud build prose and emits only executable artifact content plus synthesized essentials","duration":3.6680999999998676,"failureMessages":[],"meta":{}},{"ancestorTitles":["api.chat streaming end-to-end regression"],"fullName":"api.chat streaming end-to-end regression does not drop cloud build responses when only narrative text is returned","status":"passed","title":"does not drop cloud build responses when only narrative text is returned","duration":4.397600000000239,"failureMessages":[],"meta":{}},{"ancestorTitles":["api.chat streaming end-to-end regression"],"fullName":"api.chat streaming end-to-end regression completes small-model trivial vite shell into runnable React output on the initial request","status":"passed","title":"completes small-model trivial vite shell into runnable React output on the initial request","duration":5.170900000000074,"failureMessages":[],"meta":{}}],"startTime":1773407195835,"endTime":1773407195930.171,"status":"passed","message":"","name":"C:/Users/arva/OneDrive/Documents/Private/Projects/Coding/Bolt.arva/Bolt2.dyi/unit-tests/routes/api.chat.streaming-e2e.test.ts"},{"assertionResults":[{"ancestorTitles":["app/routes/api.chat.ts"],"fullName":"app/routes/api.chat.ts add unit tests for this source file","status":"todo","title":"add unit tests for this source file","failureMessages":[],"meta":{}}],"startTime":1773407188682,"endTime":1773407188682,"status":"passed","message":"","name":"C:/Users/arva/OneDrive/Documents/Private/Projects/Coding/Bolt.arva/Bolt2.dyi/unit-tests/routes/api.chat.test.ts"},{"assertionResults":[{"ancestorTitles":["/api/check-env-key"],"fullName":"/api/check-env-key returns false when provider query is missing","status":"passed","title":"returns false when provider query is missing","duration":5.636799999999994,"failureMessages":[],"meta":{}},{"ancestorTitles":["/api/check-env-key"],"fullName":"/api/check-env-key returns false when provider has no token key config","status":"passed","title":"returns false when provider has no token key config","duration":1.1293000000000575,"failureMessages":[],"meta":{}},{"ancestorTitles":["/api/check-env-key"],"fullName":"/api/check-env-key returns true when key exists in cookie-based api keys","status":"passed","title":"returns true when key exists in cookie-based api keys","duration":0.894800000000032,"failureMessages":[],"meta":{}},{"ancestorTitles":["/api/check-env-key"],"fullName":"/api/check-env-key returns true when key exists in env variables","status":"passed","title":"returns true when key exists in env variables","duration":1.0010999999999513,"failureMessages":[],"meta":{}}],"startTime":1773407194869,"endTime":1773407194878.0012,"status":"passed","message":"","name":"C:/Users/arva/OneDrive/Documents/Private/Projects/Coding/Bolt.arva/Bolt2.dyi/unit-tests/routes/api.check-env-key.test.ts"},{"assertionResults":[{"ancestorTitles":["/api/collab/artifacts","loader"],"fullName":"/api/collab/artifacts loader returns 401 when unauthorized","status":"passed","title":"returns 401 when unauthorized","duration":6.734299999999848,"failureMessages":[],"meta":{}},{"ancestorTitles":["/api/collab/artifacts","loader"],"fullName":"/api/collab/artifacts loader returns artifacts for current user when no filters provided","status":"passed","title":"returns artifacts for current user when no filters provided","duration":4.661000000000058,"failureMessages":[],"meta":{}},{"ancestorTitles":["/api/collab/artifacts","loader"],"fullName":"/api/collab/artifacts loader returns artifacts for project when projectId provided","status":"passed","title":"returns artifacts for project when projectId provided","duration":2.150100000000066,"failureMessages":[],"meta":{}},{"ancestorTitles":["/api/collab/artifacts","loader"],"fullName":"/api/collab/artifacts loader returns single artifact when artifactId provided","status":"passed","title":"returns single artifact when artifactId provided","duration":1.8380000000001928,"failureMessages":[],"meta":{}},{"ancestorTitles":["/api/collab/artifacts","loader"],"fullName":"/api/collab/artifacts loader returns 404 when artifact not found","status":"passed","title":"returns 404 when artifact not found","duration":1.3162999999999556,"failureMessages":[],"meta":{}},{"ancestorTitles":["/api/collab/artifacts","action"],"fullName":"/api/collab/artifacts action returns 401 when unauthorized","status":"passed","title":"returns 401 when unauthorized","duration":1.501299999999901,"failureMessages":[],"meta":{}},{"ancestorTitles":["/api/collab/artifacts","action"],"fullName":"/api/collab/artifacts action creates artifact with valid data","status":"passed","title":"creates artifact with valid data","duration":2.0412999999998647,"failureMessages":[],"meta":{}},{"ancestorTitles":["/api/collab/artifacts","action"],"fullName":"/api/collab/artifacts action returns 400 when artifact name is missing","status":"passed","title":"returns 400 when artifact name is missing","duration":1.4524000000001251,"failureMessages":[],"meta":{}},{"ancestorTitles":["/api/collab/artifacts","action"],"fullName":"/api/collab/artifacts action returns 400 when artifact content is missing","status":"passed","title":"returns 400 when artifact content is missing","duration":2.266900000000078,"failureMessages":[],"meta":{}},{"ancestorTitles":["/api/collab/artifacts","action"],"fullName":"/api/collab/artifacts action updates artifact with valid data","status":"passed","title":"updates artifact with valid data","duration":1.6883000000000266,"failureMessages":[],"meta":{}},{"ancestorTitles":["/api/collab/artifacts","action"],"fullName":"/api/collab/artifacts action returns 403 when update fails (access denied)","status":"passed","title":"returns 403 when update fails (access denied)","duration":1.1195999999999913,"failureMessages":[],"meta":{}},{"ancestorTitles":["/api/collab/artifacts","action"],"fullName":"/api/collab/artifacts action deletes artifact successfully","status":"passed","title":"deletes artifact successfully","duration":0.9646999999999935,"failureMessages":[],"meta":{}},{"ancestorTitles":["/api/collab/artifacts","action"],"fullName":"/api/collab/artifacts action returns 403 when delete fails (access denied)","status":"passed","title":"returns 403 when delete fails (access denied)","duration":0.7908999999999651,"failureMessages":[],"meta":{}},{"ancestorTitles":["/api/collab/artifacts","action"],"fullName":"/api/collab/artifacts action returns 400 for unsupported intent","status":"passed","title":"returns 400 for unsupported intent","duration":0.8901000000000749,"failureMessages":[],"meta":{}}],"startTime":1773407190220,"endTime":1773407190250.8901,"status":"passed","message":"","name":"C:/Users/arva/OneDrive/Documents/Private/Projects/Coding/Bolt.arva/Bolt2.dyi/unit-tests/routes/api.collab.artifacts.test.ts"},{"assertionResults":[{"ancestorTitles":["/api/collab/branches"],"fullName":"/api/collab/branches loader returns 401 when unauthorized","status":"passed","title":"loader returns 401 when unauthorized","duration":4.626800000000003,"failureMessages":[],"meta":{}},{"ancestorTitles":["/api/collab/branches"],"fullName":"/api/collab/branches loader returns 400 when conversationId is missing","status":"passed","title":"loader returns 400 when conversationId is missing","duration":0.7052000000001044,"failureMessages":[],"meta":{}},{"ancestorTitles":["/api/collab/branches"],"fullName":"/api/collab/branches action returns 400 for invalid merge payload","status":"passed","title":"action returns 400 for invalid merge payload","duration":2.4491999999999052,"failureMessages":[],"meta":{}},{"ancestorTitles":["/api/collab/branches"],"fullName":"/api/collab/branches action returns mergedCount on successful merge","status":"passed","title":"action returns mergedCount on successful merge","duration":1.0152000000000498,"failureMessages":[],"meta":{}}],"startTime":1773407194872,"endTime":1773407194881.0151,"status":"passed","message":"","name":"C:/Users/arva/OneDrive/Documents/Private/Projects/Coding/Bolt.arva/Bolt2.dyi/unit-tests/routes/api.collab.branches.test.ts"},{"assertionResults":[{"ancestorTitles":["/api/collab/conversations"],"fullName":"/api/collab/conversations loader returns 401 when unauthorized","status":"passed","title":"loader returns 401 when unauthorized","duration":7.8799000000000206,"failureMessages":[],"meta":{}},{"ancestorTitles":["/api/collab/conversations"],"fullName":"/api/collab/conversations loader returns 400 when projectId is missing and no conversationId","status":"passed","title":"loader returns 400 when projectId is missing and no conversationId","duration":1.0654000000000678,"failureMessages":[],"meta":{}},{"ancestorTitles":["/api/collab/conversations"],"fullName":"/api/collab/conversations loader returns messages when conversationId is provided","status":"passed","title":"loader returns messages when conversationId is provided","duration":4.627200000000016,"failureMessages":[],"meta":{}},{"ancestorTitles":["/api/collab/conversations"],"fullName":"/api/collab/conversations action addMessage returns 400 when conversationId/content missing","status":"passed","title":"action addMessage returns 400 when conversationId/content missing","duration":1.7169999999999845,"failureMessages":[],"meta":{}}],"startTime":1773407194290,"endTime":1773407194305.717,"status":"passed","message":"","name":"C:/Users/arva/OneDrive/Documents/Private/Projects/Coding/Bolt.arva/Bolt2.dyi/unit-tests/routes/api.collab.conversations.test.ts"},{"assertionResults":[{"ancestorTitles":["/api/collab/projects"],"fullName":"/api/collab/projects loader returns 401 when unauthorized","status":"passed","title":"loader returns 401 when unauthorized","duration":6.656499999999937,"failureMessages":[],"meta":{}},{"ancestorTitles":["/api/collab/projects"],"fullName":"/api/collab/projects loader returns project members when projectId is provided","status":"passed","title":"loader returns project members when projectId is provided","duration":4.006900000000087,"failureMessages":[],"meta":{}},{"ancestorTitles":["/api/collab/projects"],"fullName":"/api/collab/projects action create returns 400 when project name missing","status":"passed","title":"action create returns 400 when project name missing","duration":1.6000999999999976,"failureMessages":[],"meta":{}},{"ancestorTitles":["/api/collab/projects"],"fullName":"/api/collab/projects action share returns 404 when target user not found","status":"passed","title":"action share returns 404 when target user not found","duration":1.5259999999999536,"failureMessages":[],"meta":{}}],"startTime":1773407192655,"endTime":1773407192668.526,"status":"passed","message":"","name":"C:/Users/arva/OneDrive/Documents/Private/Projects/Coding/Bolt.arva/Bolt2.dyi/unit-tests/routes/api.collab.projects.test.ts"},{"assertionResults":[{"ancestorTitles":["/api/configured-providers"],"fullName":"/api/configured-providers returns provider status list","status":"passed","title":"returns provider status list","duration":10.792000000000144,"failureMessages":[],"meta":{}},{"ancestorTitles":["/api/configured-providers"],"fullName":"/api/configured-providers returns fallback values on error","status":"passed","title":"returns fallback values on error","duration":10.443500000000085,"failureMessages":[],"meta":{}}],"startTime":1773407197971,"endTime":1773407197992.4436,"status":"passed","message":"","name":"C:/Users/arva/OneDrive/Documents/Private/Projects/Coding/Bolt.arva/Bolt2.dyi/unit-tests/routes/api.configured-providers.test.ts"},{"assertionResults":[{"ancestorTitles":["/api/enhancer"],"fullName":"/api/enhancer throws 400 for missing model","status":"passed","title":"throws 400 for missing model","duration":11.805200000000013,"failureMessages":[],"meta":{}},{"ancestorTitles":["/api/enhancer"],"fullName":"/api/enhancer throws 400 for missing provider name","status":"passed","title":"throws 400 for missing provider name","duration":1.5851999999999862,"failureMessages":[],"meta":{}},{"ancestorTitles":["/api/enhancer"],"fullName":"/api/enhancer returns SSE response on success","status":"passed","title":"returns SSE response on success","duration":3.6158000000000357,"failureMessages":[],"meta":{}},{"ancestorTitles":["/api/enhancer"],"fullName":"/api/enhancer throws 401 when streamText reports API key issue","status":"passed","title":"throws 401 when streamText reports API key issue","duration":8.641200000000026,"failureMessages":[],"meta":{}}],"startTime":1773407192179,"endTime":1773407192205.641,"status":"passed","message":"","name":"C:/Users/arva/OneDrive/Documents/Private/Projects/Coding/Bolt.arva/Bolt2.dyi/unit-tests/routes/api.enhancer.test.ts"},{"assertionResults":[{"ancestorTitles":["/api/export-api-keys"],"fullName":"/api/export-api-keys returns cookie keys and env-derived keys for providers","status":"passed","title":"returns cookie keys and env-derived keys for providers","duration":9.884100000000103,"failureMessages":[],"meta":{}},{"ancestorTitles":["/api/export-api-keys"],"fullName":"/api/export-api-keys prefers cloudflare env over manager env when cookie key missing","status":"passed","title":"prefers cloudflare env over manager env when cookie key missing","duration":1.374400000000037,"failureMessages":[],"meta":{}}],"startTime":1773407195797,"endTime":1773407195808.3745,"status":"passed","message":"","name":"C:/Users/arva/OneDrive/Documents/Private/Projects/Coding/Bolt.arva/Bolt2.dyi/unit-tests/routes/api.export-api-keys.test.ts"},{"assertionResults":[{"ancestorTitles":["/api/git-info"],"fullName":"/api/git-info returns unknown values when .git folder does not exist","status":"passed","title":"returns unknown values when .git folder does not exist","duration":5.276299999999992,"failureMessages":[],"meta":{}},{"ancestorTitles":["/api/git-info"],"fullName":"/api/git-info returns branch, commit, dirty status and last commit details","status":"passed","title":"returns branch, commit, dirty status and last commit details","duration":2.177799999999934,"failureMessages":[],"meta":{}},{"ancestorTitles":["/api/git-info"],"fullName":"/api/git-info returns 500 when git command throws unexpectedly","status":"passed","title":"returns 500 when git command throws unexpectedly","duration":6.333300000000008,"failureMessages":[],"meta":{}}],"startTime":1773407194872,"endTime":1773407194885.3333,"status":"passed","message":"","name":"C:/Users/arva/OneDrive/Documents/Private/Projects/Coding/Bolt.arva/Bolt2.dyi/unit-tests/routes/api.git-info.test.ts"},{"assertionResults":[{"ancestorTitles":["/api/git-proxy/*"],"fullName":"/api/git-proxy/* returns 400 when proxy path is missing","status":"passed","title":"returns 400 when proxy path is missing","duration":19.55289999999991,"failureMessages":[],"meta":{}},{"ancestorTitles":["/api/git-proxy/*"],"fullName":"/api/git-proxy/* returns CORS preflight response for OPTIONS","status":"passed","title":"returns CORS preflight response for OPTIONS","duration":1.4756999999999607,"failureMessages":[],"meta":{}},{"ancestorTitles":["/api/git-proxy/*"],"fullName":"/api/git-proxy/* proxies request and returns upstream response","status":"passed","title":"proxies request and returns upstream response","duration":8.425100000000043,"failureMessages":[],"meta":{}}],"startTime":1773407197247,"endTime":1773407197277.425,"status":"passed","message":"","name":"C:/Users/arva/OneDrive/Documents/Private/Projects/Coding/Bolt.arva/Bolt2.dyi/unit-tests/routes/api.git-proxy.test.ts"},{"assertionResults":[{"ancestorTitles":["/api/github-branches"],"fullName":"/api/github-branches loader returns 400 when owner/repo are missing","status":"passed","title":"loader returns 400 when owner/repo are missing","duration":7.941699999999969,"failureMessages":[],"meta":{}},{"ancestorTitles":["/api/github-branches"],"fullName":"/api/github-branches loader returns 401 when github token is not found","status":"passed","title":"loader returns 401 when github token is not found","duration":1.56899999999996,"failureMessages":[],"meta":{}},{"ancestorTitles":["/api/github-branches"],"fullName":"/api/github-branches loader returns 404 when repository is not found","status":"passed","title":"loader returns 404 when repository is not found","duration":1.331299999999942,"failureMessages":[],"meta":{}},{"ancestorTitles":["/api/github-branches"],"fullName":"/api/github-branches action returns transformed branches with default branch first","status":"passed","title":"action returns transformed branches with default branch first","duration":5.954200000000014,"failureMessages":[],"meta":{}}],"startTime":1773407193338,"endTime":1773407193354.954,"status":"passed","message":"","name":"C:/Users/arva/OneDrive/Documents/Private/Projects/Coding/Bolt.arva/Bolt2.dyi/unit-tests/routes/api.github-branches.test.ts"},{"assertionResults":[{"ancestorTitles":["/api/github-stats"],"fullName":"/api/github-stats returns 401 when github token is missing","status":"passed","title":"returns 401 when github token is missing","duration":8.732400000000098,"failureMessages":[],"meta":{}},{"ancestorTitles":["/api/github-stats"],"fullName":"/api/github-stats returns 401 for invalid github token","status":"passed","title":"returns 401 for invalid github token","duration":2.248800000000074,"failureMessages":[],"meta":{}},{"ancestorTitles":["/api/github-stats"],"fullName":"/api/github-stats returns computed stats on success","status":"passed","title":"returns computed stats on success","duration":7.780099999999948,"failureMessages":[],"meta":{}}],"startTime":1773407191778,"endTime":1773407191796.78,"status":"passed","message":"","name":"C:/Users/arva/OneDrive/Documents/Private/Projects/Coding/Bolt.arva/Bolt2.dyi/unit-tests/routes/api.github-stats.test.ts"},{"assertionResults":[{"ancestorTitles":["/api/github-template"],"fullName":"/api/github-template returns 400 when repo is missing","status":"passed","title":"returns 400 when repo is missing","duration":5.634299999999939,"failureMessages":[],"meta":{}},{"ancestorTitles":["/api/github-template"],"fullName":"/api/github-template returns 500 when release endpoint fails","status":"passed","title":"returns 500 when release endpoint fails","duration":9.15440000000001,"failureMessages":[],"meta":{}},{"ancestorTitles":["/api/github-template"],"fullName":"/api/github-template uses Cloudflare tree path in production and returns filtered files","status":"passed","title":"uses Cloudflare tree path in production and returns filtered files","duration":4.292299999999955,"failureMessages":[],"meta":{}}],"startTime":1773407194107,"endTime":1773407194126.2922,"status":"passed","message":"","name":"C:/Users/arva/OneDrive/Documents/Private/Projects/Coding/Bolt.arva/Bolt2.dyi/unit-tests/routes/api.github-template.test.ts"},{"assertionResults":[{"ancestorTitles":["/api/github-user"],"fullName":"/api/github-user loader returns 401 when token is missing","status":"passed","title":"loader returns 401 when token is missing","duration":9.056999999999903,"failureMessages":[],"meta":{}},{"ancestorTitles":["/api/github-user"],"fullName":"/api/github-user loader returns mapped user profile on success","status":"passed","title":"loader returns mapped user profile on success","duration":4.566299999999956,"failureMessages"
[...]
sers/arva/OneDrive/Documents/Private/Projects/Coding/Bolt.arva/Bolt2.dyi/unit-tests/components/@settings/shared/service-integration/ServiceHeader.test.ts"},{"assertionResults":[{"ancestorTitles":["app/components/@settings/tabs/data/DataTab.tsx"],"fullName":"app/components/@settings/tabs/data/DataTab.tsx add unit tests for this source file","status":"todo","title":"add unit tests for this source file","failureMessages":[],"meta":{}}],"startTime":1773407188682,"endTime":1773407188682,"status":"passed","message":"","name":"C:/Users/arva/OneDrive/Documents/Private/Projects/Coding/Bolt.arva/Bolt2.dyi/unit-tests/components/@settings/tabs/data/DataTab.test.ts"},{"assertionResults":[{"ancestorTitles":["app/components/@settings/tabs/github/GitHubTab.tsx"],"fullName":"app/components/@settings/tabs/github/GitHubTab.tsx add unit tests for this source file","status":"todo","title":"add unit tests for this source file","failureMessages":[],"meta":{}}],"startTime":1773407188682,"endTime":1773407188682,"status":"passed","message":"","name":"C:/Users/arva/OneDrive/Documents/Private/Projects/Coding/Bolt.arva/Bolt2.dyi/unit-tests/components/@settings/tabs/github/GitHubTab.test.ts"},{"assertionResults":[{"ancestorTitles":["app/components/@settings/tabs/event-logs/EventLogsTab.tsx"],"fullName":"app/components/@settings/tabs/event-logs/EventLogsTab.tsx add unit tests for this source file","status":"todo","title":"add unit tests for this source file","failureMessages":[],"meta":{}}],"startTime":1773407188682,"endTime":1773407188682,"status":"passed","message":"","name":"C:/Users/arva/OneDrive/Documents/Private/Projects/Coding/Bolt.arva/Bolt2.dyi/unit-tests/components/@settings/tabs/event-logs/EventLogsTab.test.ts"},{"assertionResults":[{"ancestorTitles":["components/@settings/tabs/features/FeaturesTab baseline"],"fullName":"components/@settings/tabs/features/FeaturesTab baseline keeps baseline test coverage mapping active","status":"passed","title":"keeps baseline test coverage mapping active","duration":2.599499999999921,"failureMessages":[],"meta":{}}],"startTime":1773407223135,"endTime":1773407223137.5996,"status":"passed","message":"","name":"C:/Users/arva/OneDrive/Documents/Private/Projects/Coding/Bolt.arva/Bolt2.dyi/unit-tests/components/@settings/tabs/features/FeaturesTab.test.ts"},{"assertionResults":[{"ancestorTitles":["app/components/@settings/tabs/http-deploy/HttpDeployTab.tsx"],"fullName":"app/components/@settings/tabs/http-deploy/HttpDeployTab.tsx add unit tests for this source file","status":"todo","title":"add unit tests for this source file","failureMessages":[],"meta":{}}],"startTime":1773407188682,"endTime":1773407188682,"status":"passed","message":"","name":"C:/Users/arva/OneDrive/Documents/Private/Projects/Coding/Bolt.arva/Bolt2.dyi/unit-tests/components/@settings/tabs/http-deploy/HttpDeployTab.test.ts"},{"assertionResults":[{"ancestorTitles":["app/components/@settings/tabs/mcp/McpServerListItem.tsx"],"fullName":"app/components/@settings/tabs/mcp/McpServerListItem.tsx add unit tests for this source file","status":"todo","title":"add unit tests for this source file","failureMessages":[],"meta":{}}],"startTime":1773407188682,"endTime":1773407188682,"status":"passed","message":"","name":"C:/Users/arva/OneDrive/Documents/Private/Projects/Coding/Bolt.arva/Bolt2.dyi/unit-tests/components/@settings/tabs/mcp/McpServerListItem.test.ts"},{"assertionResults":[{"ancestorTitles":["app/components/@settings/tabs/n8n/N8nTab.tsx"],"fullName":"app/components/@settings/tabs/n8n/N8nTab.tsx add unit tests for this source file","status":"todo","title":"add unit tests for this source file","failureMessages":[],"meta":{}}],"startTime":1773407188682,"endTime":1773407188682,"status":"passed","message":"","name":"C:/Users/arva/OneDrive/Documents/Private/Projects/Coding/Bolt.arva/Bolt2.dyi/unit-tests/components/@settings/tabs/n8n/N8nTab.test.ts"},{"assertionResults":[{"ancestorTitles":["app/components/@settings/tabs/openclaw/OpenClawTab.tsx"],"fullName":"app/components/@settings/tabs/openclaw/OpenClawTab.tsx add unit tests for this source file","status":"todo","title":"add unit tests for this source file","failureMessages":[],"meta":{}}],"startTime":1773407188682,"endTime":1773407188682,"status":"passed","message":"","name":"C:/Users/arva/OneDrive/Documents/Private/Projects/Coding/Bolt.arva/Bolt2.dyi/unit-tests/components/@settings/tabs/openclaw/OpenClawTab.test.ts"},{"assertionResults":[{"ancestorTitles":["app/components/@settings/tabs/profile/ProfileTab.tsx"],"fullName":"app/components/@settings/tabs/profile/ProfileTab.tsx add unit tests for this source file","status":"todo","title":"add unit tests for this source file","failureMessages":[],"meta":{}}],"startTime":1773407188682,"endTime":1773407188682,"status":"passed","message":"","name":"C:/Users/arva/OneDrive/Documents/Private/Projects/Coding/Bolt.arva/Bolt2.dyi/unit-tests/components/@settings/tabs/profile/ProfileTab.test.ts"},{"assertionResults":[{"ancestorTitles":["app/components/@settings/tabs/netlify/NetlifyTab.tsx"],"fullName":"app/components/@settings/tabs/netlify/NetlifyTab.tsx add unit tests for this source file","status":"todo","title":"add unit tests for this source file","failureMessages":[],"meta":{}}],"startTime":1773407188682,"endTime":1773407188682,"status":"passed","message":"","name":"C:/Users/arva/OneDrive/Documents/Private/Projects/Coding/Bolt.arva/Bolt2.dyi/unit-tests/components/@settings/tabs/netlify/NetlifyTab.test.ts"},{"assertionResults":[{"ancestorTitles":["app/components/@settings/tabs/supabase/SupabaseTab.tsx"],"fullName":"app/components/@settings/tabs/supabase/SupabaseTab.tsx add unit tests for this source file","status":"todo","title":"add unit tests for this source file","failureMessages":[],"meta":{}}],"startTime":1773407188682,"endTime":1773407188682,"status":"passed","message":"","name":"C:/Users/arva/OneDrive/Documents/Private/Projects/Coding/Bolt.arva/Bolt2.dyi/unit-tests/components/@settings/tabs/supabase/SupabaseTab.test.ts"},{"assertionResults":[{"ancestorTitles":["app/components/@settings/tabs/system-prompt/SystemPromptTab.tsx"],"fullName":"app/components/@settings/tabs/system-prompt/SystemPromptTab.tsx add unit tests for this source file","status":"todo","title":"add unit tests for this source file","failureMessages":[],"meta":{}}],"startTime":1773407188682,"endTime":1773407188682,"status":"passed","message":"","name":"C:/Users/arva/OneDrive/Documents/Private/Projects/Coding/Bolt.arva/Bolt2.dyi/unit-tests/components/@settings/tabs/system-prompt/SystemPromptTab.test.ts"},{"assertionResults":[{"ancestorTitles":["app/components/@settings/tabs/users/UserManagementTab.tsx"],"fullName":"app/components/@settings/tabs/users/UserManagementTab.tsx add unit tests for this source file","status":"todo","title":"add unit tests for this source file","failureMessages":[],"meta":{}}],"startTime":1773407188682,"endTime":1773407188682,"status":"passed","message":"","name":"C:/Users/arva/OneDrive/Documents/Private/Projects/Coding/Bolt.arva/Bolt2.dyi/unit-tests/components/@settings/tabs/users/UserManagementTab.test.ts"},{"assertionResults":[{"ancestorTitles":["app/components/@settings/tabs/vercel/VercelTab.tsx"],"fullName":"app/components/@settings/tabs/vercel/VercelTab.tsx add unit tests for this source file","status":"todo","title":"add unit tests for this source file","failureMessages":[],"meta":{}}],"startTime":1773407188682,"endTime":1773407188682,"status":"passed","message":"","name":"C:/Users/arva/OneDrive/Documents/Private/Projects/Coding/Bolt.arva/Bolt2.dyi/unit-tests/components/@settings/tabs/vercel/VercelTab.test.ts"},{"assertionResults":[{"ancestorTitles":["app/lib/.server/extensions/n8n/n8n-client.ts"],"fullName":"app/lib/.server/extensions/n8n/n8n-client.ts add unit tests for this source file","status":"todo","title":"add unit tests for this source file","failureMessages":[],"meta":{}}],"startTime":1773407188682,"endTime":1773407188682,"status":"passed","message":"","name":"C:/Users/arva/OneDrive/Documents/Private/Projects/Coding/Bolt.arva/Bolt2.dyi/unit-tests/lib/.server/extensions/n8n/n8n-client.test.ts"},{"assertionResults":[{"ancestorTitles":["app/lib/.server/extensions/openclaw/openclaw-client.ts"],"fullName":"app/lib/.server/extensions/openclaw/openclaw-client.ts add unit tests for this source file","status":"todo","title":"add unit tests for this source file","failureMessages":[],"meta":{}}],"startTime":1773407188682,"endTime":1773407188682,"status":"passed","message":"","name":"C:/Users/arva/OneDrive/Documents/Private/Projects/Coding/Bolt.arva/Bolt2.dyi/unit-tests/lib/.server/extensions/openclaw/openclaw-client.test.ts"},{"assertionResults":[{"ancestorTitles":["app/lib/modules/llm/providers/deepseek.ts"],"fullName":"app/lib/modules/llm/providers/deepseek.ts add unit tests for this source file","status":"todo","title":"add unit tests for this source file","failureMessages":[],"meta":{}}],"startTime":1773407188682,"endTime":1773407188682,"status":"passed","message":"","name":"C:/Users/arva/OneDrive/Documents/Private/Projects/Coding/Bolt.arva/Bolt2.dyi/unit-tests/lib/modules/llm/providers/deepseek.test.ts"},{"assertionResults":[{"ancestorTitles":["lib/modules/llm/providers/openai"],"fullName":"lib/modules/llm/providers/openai uses responses factory for codex models","status":"passed","title":"uses responses factory for codex models","duration":17.802999999999997,"failureMessages":[],"meta":{}}],"startTime":1773407198269,"endTime":1773407198286.803,"status":"passed","message":"","name":"C:/Users/arva/OneDrive/Documents/Private/Projects/Coding/Bolt.arva/Bolt2.dyi/unit-tests/lib/modules/llm/providers/openai.test.ts"},{"assertionResults":[{"ancestorTitles":["app/components/@settings/tabs/gitlab/components/GitLabConnection.tsx"],"fullName":"app/components/@settings/tabs/gitlab/components/GitLabConnection.tsx add unit tests for this source file","status":"todo","title":"add unit tests for this source file","failureMessages":[],"meta":{}}],"startTime":1773407188682,"endTime":1773407188682,"status":"passed","message":"","name":"C:/Users/arva/OneDrive/Documents/Private/Projects/Coding/Bolt.arva/Bolt2.dyi/unit-tests/components/@settings/tabs/gitlab/components/GitLabConnection.test.ts"},{"assertionResults":[{"ancestorTitles":["app/components/@settings/tabs/gitlab/components/GitLabRepositorySelector.tsx"],"fullName":"app/components/@settings/tabs/gitlab/components/GitLabRepositorySelector.tsx add unit tests for this source file","status":"todo","title":"add unit tests for this source file","failureMessages":[],"meta":{}}],"startTime":1773407188682,"endTime":1773407188682,"status":"passed","message":"","name":"C:/Users/arva/OneDrive/Documents/Private/Projects/Coding/Bolt.arva/Bolt2.dyi/unit-tests/components/@settings/tabs/gitlab/components/GitLabRepositorySelector.test.ts"},{"assertionResults":[{"ancestorTitles":["app/components/@settings/tabs/gitlab/components/RepositoryCard.tsx"],"fullName":"app/components/@settings/tabs/gitlab/components/RepositoryCard.tsx add unit tests for this source file","status":"todo","title":"add unit tests for this source file","failureMessages":[],"meta":{}}],"startTime":1773407188682,"endTime":1773407188682,"status":"passed","message":"","name":"C:/Users/arva/OneDrive/Documents/Private/Projects/Coding/Bolt.arva/Bolt2.dyi/unit-tests/components/@settings/tabs/gitlab/components/RepositoryCard.test.ts"},{"assertionResults":[{"ancestorTitles":["app/components/@settings/tabs/gitlab/components/RepositoryList.tsx"],"fullName":"app/components/@settings/tabs/gitlab/components/RepositoryList.tsx add unit tests for this source file","status":"todo","title":"add unit tests for this source file","failureMessages":[],"meta":{}}],"startTime":1773407188682,"endTime":1773407188682,"status":"passed","message":"","name":"C:/Users/arva/OneDrive/Documents/Private/Projects/Coding/Bolt.arva/Bolt2.dyi/unit-tests/components/@settings/tabs/gitlab/components/RepositoryList.test.ts"},{"assertionResults":[{"ancestorTitles":["app/components/@settings/tabs/gitlab/components/StatsDisplay.tsx"],"fullName":"app/components/@settings/tabs/gitlab/components/StatsDisplay.tsx add unit tests for this source file","status":"todo","title":"add unit tests for this source file","failureMessages":[],"meta":{}}],"startTime":1773407188682,"endTime":1773407188682,"status":"passed","message":"","name":"C:/Users/arva/OneDrive/Documents/Private/Projects/Coding/Bolt.arva/Bolt2.dyi/unit-tests/components/@settings/tabs/gitlab/components/StatsDisplay.test.ts"},{"assertionResults":[{"ancestorTitles":["app/components/@settings/tabs/github/components/GitHubCacheManager.tsx"],"fullName":"app/components/@settings/tabs/github/components/GitHubCacheManager.tsx add unit tests for this source file","status":"todo","title":"add unit tests for this source file","failureMessages":[],"meta":{}}],"startTime":1773407188682,"endTime":1773407188682,"status":"passed","message":"","name":"C:/Users/arva/OneDrive/Documents/Private/Projects/Coding/Bolt.arva/Bolt2.dyi/unit-tests/components/@settings/tabs/github/components/GitHubCacheManager.test.ts"},{"assertionResults":[{"ancestorTitles":["app/components/@settings/tabs/github/components/GitHubConnection.tsx"],"fullName":"app/components/@settings/tabs/github/components/GitHubConnection.tsx add unit tests for this source file","status":"todo","title":"add unit tests for this source file","failureMessages":[],"meta":{}}],"startTime":1773407188682,"endTime":1773407188682,"status":"passed","message":"","name":"C:/Users/arva/OneDrive/Documents/Private/Projects/Coding/Bolt.arva/Bolt2.dyi/unit-tests/components/@settings/tabs/github/components/GitHubConnection.test.ts"},{"assertionResults":[{"ancestorTitles":["app/components/@settings/tabs/github/components/GitHubErrorBoundary.tsx"],"fullName":"app/components/@settings/tabs/github/components/GitHubErrorBoundary.tsx add unit tests for this source file","status":"todo","title":"add unit tests for this source file","failureMessages":[],"meta":{}}],"startTime":1773407188682,"endTime":1773407188682,"status":"passed","message":"","name":"C:/Users/arva/OneDrive/Documents/Private/Projects/Coding/Bolt.arva/Bolt2.dyi/unit-tests/components/@settings/tabs/github/components/GitHubErrorBoundary.test.ts"},{"assertionResults":[{"ancestorTitles":["app/components/@settings/tabs/github/components/GitHubProgressiveLoader.tsx"],"fullName":"app/components/@settings/tabs/github/components/GitHubProgressiveLoader.tsx add unit tests for this source file","status":"todo","title":"add unit tests for this source file","failureMessages":[],"meta":{}}],"startTime":1773407188682,"endTime":1773407188682,"status":"passed","message":"","name":"C:/Users/arva/OneDrive/Documents/Private/Projects/Coding/Bolt.arva/Bolt2.dyi/unit-tests/components/@settings/tabs/github/components/GitHubProgressiveLoader.test.ts"},{"assertionResults":[{"ancestorTitles":["app/components/@settings/tabs/github/components/GitHubRepositoryCard.tsx"],"fullName":"app/components/@settings/tabs/github/components/GitHubRepositoryCard.tsx add unit tests for this source file","status":"todo","title":"add unit tests for this source file","failureMessages":[],"meta":{}}],"startTime":1773407188682,"endTime":1773407188682,"status":"passed","message":"","name":"C:/Users/arva/OneDrive/Documents/Private/Projects/Coding/Bolt.arva/Bolt2.dyi/unit-tests/components/@settings/tabs/github/components/GitHubRepositoryCard.test.ts"},{"assertionResults":[{"ancestorTitles":["app/components/@settings/tabs/github/components/GitHubRepositorySelector.tsx"],"fullName":"app/components/@settings/tabs/github/components/GitHubRepositorySelector.tsx add unit tests for this source file","status":"todo","title":"add unit tests for this source file","failureMessages":[],"meta":{}}],"startTime":1773407188682,"endTime":1773407188682,"status":"passed","message":"","name":"C:/Users/arva/OneDrive/Documents/Private/Projects/Coding/Bolt.arva/Bolt2.dyi/unit-tests/components/@settings/tabs/github/components/GitHubRepositorySelector.test.ts"},{"assertionResults":[{"ancestorTitles":["app/components/@settings/tabs/github/components/GitHubStats.tsx"],"fullName":"app/components/@settings/tabs/github/components/GitHubStats.tsx add unit tests for this source file","status":"todo","title":"add unit tests for this source file","failureMessages":[],"meta":{}}],"startTime":1773407188682,"endTime":1773407188682,"status":"passed","message":"","name":"C:/Users/arva/OneDrive/Documents/Private/Projects/Coding/Bolt.arva/Bolt2.dyi/unit-tests/components/@settings/tabs/github/components/GitHubStats.test.ts"},{"assertionResults":[{"ancestorTitles":["app/components/@settings/tabs/netlify/components/NetlifyConnection.tsx"],"fullName":"app/components/@settings/tabs/netlify/components/NetlifyConnection.tsx add unit tests for this source file","status":"todo","title":"add unit tests for this source file","failureMessages":[],"meta":{}}],"startTime":1773407188682,"endTime":1773407188682,"status":"passed","message":"","name":"C:/Users/arva/OneDrive/Documents/Private/Projects/Coding/Bolt.arva/Bolt2.dyi/unit-tests/components/@settings/tabs/netlify/components/NetlifyConnection.test.ts"},{"assertionResults":[{"ancestorTitles":["app/components/@settings/tabs/providers/cloud/CloudProvidersTab.tsx"],"fullName":"app/components/@settings/tabs/providers/cloud/CloudProvidersTab.tsx add unit tests for this source file","status":"todo","title":"add unit tests for this source file","failureMessages":[],"meta":{}}],"startTime":1773407188682,"endTime":1773407188682,"status":"passed","message":"","name":"C:/Users/arva/OneDrive/Documents/Private/Projects/Coding/Bolt.arva/Bolt2.dyi/unit-tests/components/@settings/tabs/providers/cloud/CloudProvidersTab.test.ts"},{"assertionResults":[{"ancestorTitles":["app/components/@settings/tabs/providers/local/LocalProvidersTab.tsx"],"fullName":"app/components/@settings/tabs/providers/local/LocalProvidersTab.tsx add unit tests for this source file","status":"todo","title":"add unit tests for this source file","failureMessages":[],"meta":{}}],"startTime":1773407188682,"endTime":1773407188682,"status":"passed","message":"","name":"C:/Users/arva/OneDrive/Documents/Private/Projects/Coding/Bolt.arva/Bolt2.dyi/unit-tests/components/@settings/tabs/providers/local/LocalProvidersTab.test.ts"},{"assertionResults":[{"ancestorTitles":["app/components/@settings/tabs/providers/local/SetupGuide.tsx"],"fullName":"app/components/@settings/tabs/providers/local/SetupGuide.tsx add unit tests for this source file","status":"todo","title":"add unit tests for this source file","failureMessages":[],"meta":{}}],"startTime":1773407188682,"endTime":1773407188682,"status":"passed","message":"","name":"C:/Users/arva/OneDrive/Documents/Private/Projects/Coding/Bolt.arva/Bolt2.dyi/unit-tests/components/@settings/tabs/providers/local/SetupGuide.test.ts"},{"assertionResults":[{"ancestorTitles":["app/components/@settings/tabs/providers/local/StatusDashboard.tsx"],"fullName":"app/components/@settings/tabs/providers/local/StatusDashboard.tsx add unit tests for this source file","status":"todo","title":"add unit tests for this source file","failureMessages":[],"meta":{}}],"startTime":1773407188682,"endTime":1773407188682,"status":"passed","message":"","name":"C:/Users/arva/OneDrive/Documents/Private/Projects/Coding/Bolt.arva/Bolt2.dyi/unit-tests/components/@settings/tabs/providers/local/StatusDashboard.test.ts"},{"assertionResults":[{"ancestorTitles":["app/components/@settings/tabs/vercel/components/VercelConnection.tsx"],"fullName":"app/components/@settings/tabs/vercel/components/VercelConnection.tsx add unit tests for this source file","status":"todo","title":"add unit tests for this source file","failureMessages":[],"meta":{}}],"startTime":1773407188682,"endTime":1773407188682,"status":"passed","message":"","name":"C:/Users/arva/OneDrive/Documents/Private/Projects/Coding/Bolt.arva/Bolt2.dyi/unit-tests/components/@settings/tabs/vercel/components/VercelConnection.test.ts"}]}